#-----------------------------------------------------------
# Vivado v2018.2 (64-bit)
# SW Build 2258646 on Thu Jun 14 20:03:12 MDT 2018
# IP Build 2256618 on Thu Jun 14 22:10:49 MDT 2018
# Start of session at: Sun Apr  4 21:09:06 2021
# Process ID: 14244
# Current directory: C:/Users/chewy/OneDrive/Desktop/NUSY1S2/EE2026/Project/S2_25_Chew Yi Jie_Marcus Ong Yih_Archive.xpr/Recreated
# Command line: vivado.exe -gui_launcher_event rodinguilauncherevent8928 C:\Users\chewy\OneDrive\Desktop\NUSY1S2\EE2026\Project\S2_25_Chew Yi Jie_Marcus Ong Yih_Archive.xpr\Recreated\Recreated.xpr
# Log file: C:/Users/chewy/OneDrive/Desktop/NUSY1S2/EE2026/Project/S2_25_Chew Yi Jie_Marcus Ong Yih_Archive.xpr/Recreated/vivado.log
# Journal file: C:/Users/chewy/OneDrive/Desktop/NUSY1S2/EE2026/Project/S2_25_Chew Yi Jie_Marcus Ong Yih_Archive.xpr/Recreated\vivado.jou
#-----------------------------------------------------------
start_gui
open_project {C:/Users/chewy/OneDrive/Desktop/NUSY1S2/EE2026/Project/S2_25_Chew Yi Jie_Marcus Ong Yih_Archive.xpr/Recreated/Recreated.xpr}
INFO: [ProjectBase 1-489] The host OS only allows 260 characters in a normal path. The project is stored in a path with more than 80 characters. If you experience issues with IP, Block Designs, or files not being found, please consider moving the project to a location with a shorter path. Alternately consider using the OS subst command to map part of the path to a drive letter.
Current project path is 'C:/Users/chewy/OneDrive/Desktop/NUSY1S2/EE2026/Project/S2_25_Chew Yi Jie_Marcus Ong Yih_Archive.xpr/Recreated'
INFO: [Project 1-313] Project file moved from 'C:/Users/ong1m/Downloads/Telegram Desktop/S2_25_Chew Yi Jie_Marcus Ong Yih_Archive.xpr/Recreated/.Xil/Vivado-15580-Bory/PrjAr/_X_' since last save.
Scanning sources...
Finished scanning sources
INFO: [IP_Flow 19-234] Refreshing IP repositories
INFO: [IP_Flow 19-1704] No user IP repositories specified
INFO: [IP_Flow 19-2313] Loaded Vivado IP repository 'D:/Xilinx/Vivado/2018.2/data/ip'.
update_compile_order -fileset sources_1
exit
INFO: [Common 17-206] Exiting Vivado at Sun Apr  4 21:10:12 2021...
