#-----------------------------------------------------------
# Vivado v2018.2 (64-bit)
# SW Build 2258646 on Thu Jun 14 20:03:12 MDT 2018
# IP Build 2256618 on Thu Jun 14 22:10:49 MDT 2018
# Start of session at: Sat Apr  3 00:27:32 2021
# Process ID: 15580
# Current directory: C:/Users/ong1m/Downloads/Telegram Desktop/S2_25_Chew Yi Jie_Marcus Ong Yih_Archive.xpr/Recreated
# Command line: vivado.exe -gui_launcher_event rodinguilauncherevent12228 C:\Users\ong1m\Downloads\Telegram Desktop\S2_25_Chew Yi Jie_Marcus Ong Yih_Archive.xpr\Recreated\Recreated.xpr
# Log file: C:/Users/ong1m/Downloads/Telegram Desktop/S2_25_Chew Yi Jie_Marcus Ong Yih_Archive.xpr/Recreated/vivado.log
# Journal file: C:/Users/ong1m/Downloads/Telegram Desktop/S2_25_Chew Yi Jie_Marcus Ong Yih_Archive.xpr/Recreated\vivado.jou
#-----------------------------------------------------------
start_gui
open_project {C:/Users/ong1m/Downloads/Telegram Desktop/S2_25_Chew Yi Jie_Marcus Ong Yih_Archive.xpr/Recreated/Recreated.xpr}
INFO: [ProjectBase 1-489] The host OS only allows 260 characters in a normal path. The project is stored in a path with more than 80 characters. If you experience issues with IP, Block Designs, or files not being found, please consider moving the project to a location with a shorter path. Alternately consider using the OS subst command to map part of the path to a drive letter.
Current project path is 'C:/Users/ong1m/Downloads/Telegram Desktop/S2_25_Chew Yi Jie_Marcus Ong Yih_Archive.xpr/Recreated'
Scanning sources...
Finished scanning sources
INFO: [IP_Flow 19-234] Refreshing IP repositories
INFO: [IP_Flow 19-1704] No user IP repositories specified
INFO: [IP_Flow 19-2313] Loaded Vivado IP repository 'C:/Xilinx/Vivado/2018.2/data/ip'.
open_project: Time (s): cpu = 00:00:12 ; elapsed = 00:00:06 . Memory (MB): peak = 889.434 ; gain = 155.805
update_compile_order -fileset sources_1
open_hw
connect_hw_server
INFO: [Labtools 27-2285] Connecting to hw_server url TCP:localhost:3121
INFO: [Labtools 27-2222] Launching hw_server...
INFO: [Labtools 27-2221] Launch Output:

****** Xilinx hw_server v2018.2
  **** Build date : Jun 14 2018-20:42:52
    ** Copyright 1986-2018 Xilinx, Inc. All Rights Reserved.


connect_hw_server: Time (s): cpu = 00:00:01 ; elapsed = 00:00:06 . Memory (MB): peak = 904.727 ; gain = 0.000
open_hw_target
INFO: [Labtoolstcl 44-466] Opening hw_target localhost:3121/xilinx_tcf/Digilent/210183736681A
set_property PROGRAM.FILE {C:/Users/ong1m/Downloads/Telegram Desktop/S2_25_Chew Yi Jie_Marcus Ong Yih_Archive.xpr/Recreated/Recreated.runs/impl_1/Top_Student.bit} [get_hw_devices xc7a35t_0]
current_hw_device [get_hw_devices xc7a35t_0]
refresh_hw_device -update_hw_probes false [lindex [get_hw_devices xc7a35t_0] 0]
INFO: [Labtools 27-1434] Device xc7a35t (JTAG device index = 0) is programmed with a design that has no supported debug core(s) in it.
WARNING: [Labtools 27-3361] The debug hub core was not detected.
Resolution: 
1. Make sure the clock connected to the debug hub (dbg_hub) core is a free running clock and is active.
2. Make sure the BSCAN_SWITCH_USER_MASK device property in Vivado Hardware Manager reflects the user scan chain setting in the design and refresh the device.  To determine the user scan chain setting in the design, open the implemented design and use 'get_property C_USER_SCAN_CHAIN [get_debug_cores dbg_hub]'.
For more details on setting the scan chain property, consult the Vivado Debug and Programming User Guide (UG908).
set_property PROBES.FILE {} [get_hw_devices xc7a35t_0]
set_property FULL_PROBES.FILE {} [get_hw_devices xc7a35t_0]
set_property PROGRAM.FILE {C:/Users/ong1m/Downloads/Telegram Desktop/S2_25_Chew Yi Jie_Marcus Ong Yih_Archive.xpr/Recreated/Recreated.runs/impl_1/Top_Student.bit} [get_hw_devices xc7a35t_0]
program_hw_devices [get_hw_devices xc7a35t_0]
INFO: [Labtools 27-3164] End of startup status: HIGH
refresh_hw_device [lindex [get_hw_devices xc7a35t_0] 0]
INFO: [Labtools 27-1434] Device xc7a35t (JTAG device index = 0) is programmed with a design that has no supported debug core(s) in it.
WARNING: [Labtools 27-3361] The debug hub core was not detected.
Resolution: 
1. Make sure the clock connected to the debug hub (dbg_hub) core is a free running clock and is active.
2. Make sure the BSCAN_SWITCH_USER_MASK device property in Vivado Hardware Manager reflects the user scan chain setting in the design and refresh the device.  To determine the user scan chain setting in the design, open the implemented design and use 'get_property C_USER_SCAN_CHAIN [get_debug_cores dbg_hub]'.
For more details on setting the scan chain property, consult the Vivado Debug and Programming User Guide (UG908).
reset_run synth_1
launch_runs impl_1 -to_step write_bitstream -jobs 12
[Sat Apr  3 00:32:47 2021] Launched synth_1...
Run output will be captured here: C:/Users/ong1m/Downloads/Telegram Desktop/S2_25_Chew Yi Jie_Marcus Ong Yih_Archive.xpr/Recreated/Recreated.runs/synth_1/runme.log
[Sat Apr  3 00:32:47 2021] Launched impl_1...
Run output will be captured here: C:/Users/ong1m/Downloads/Telegram Desktop/S2_25_Chew Yi Jie_Marcus Ong Yih_Archive.xpr/Recreated/Recreated.runs/impl_1/runme.log
set_property PROBES.FILE {} [get_hw_devices xc7a35t_0]
set_property FULL_PROBES.FILE {} [get_hw_devices xc7a35t_0]
set_property PROGRAM.FILE {C:/Users/ong1m/Downloads/Telegram Desktop/S2_25_Chew Yi Jie_Marcus Ong Yih_Archive.xpr/Recreated/Recreated.runs/impl_1/Top_Student.bit} [get_hw_devices xc7a35t_0]
program_hw_devices [get_hw_devices xc7a35t_0]
INFO: [Labtools 27-3164] End of startup status: HIGH
refresh_hw_device [lindex [get_hw_devices xc7a35t_0] 0]
INFO: [Labtools 27-1434] Device xc7a35t (JTAG device index = 0) is programmed with a design that has no supported debug core(s) in it.
WARNING: [Labtools 27-3361] The debug hub core was not detected.
Resolution: 
1. Make sure the clock connected to the debug hub (dbg_hub) core is a free running clock and is active.
2. Make sure the BSCAN_SWITCH_USER_MASK device property in Vivado Hardware Manager reflects the user scan chain setting in the design and refresh the device.  To determine the user scan chain setting in the design, open the implemented design and use 'get_property C_USER_SCAN_CHAIN [get_debug_cores dbg_hub]'.
For more details on setting the scan chain property, consult the Vivado Debug and Programming User Guide (UG908).
set_property PROBES.FILE {} [get_hw_devices xc7a35t_0]
set_property FULL_PROBES.FILE {} [get_hw_devices xc7a35t_0]
set_property PROGRAM.FILE {C:/Users/ong1m/Downloads/Telegram Desktop/S2_25_Chew Yi Jie_Marcus Ong Yih_Archive.xpr/Recreated/Recreated.runs/impl_1/Top_Student.bit} [get_hw_devices xc7a35t_0]
program_hw_devices [get_hw_devices xc7a35t_0]
INFO: [Labtools 27-3164] End of startup status: HIGH
refresh_hw_device [lindex [get_hw_devices xc7a35t_0] 0]
INFO: [Labtools 27-1434] Device xc7a35t (JTAG device index = 0) is programmed with a design that has no supported debug core(s) in it.
WARNING: [Labtools 27-3361] The debug hub core was not detected.
Resolution: 
1. Make sure the clock connected to the debug hub (dbg_hub) core is a free running clock and is active.
2. Make sure the BSCAN_SWITCH_USER_MASK device property in Vivado Hardware Manager reflects the user scan chain setting in the design and refresh the device.  To determine the user scan chain setting in the design, open the implemented design and use 'get_property C_USER_SCAN_CHAIN [get_debug_cores dbg_hub]'.
For more details on setting the scan chain property, consult the Vivado Debug and Programming User Guide (UG908).
reset_run synth_1
launch_runs impl_1 -to_step write_bitstream -jobs 12
[Sat Apr  3 00:50:25 2021] Launched synth_1...
Run output will be captured here: C:/Users/ong1m/Downloads/Telegram Desktop/S2_25_Chew Yi Jie_Marcus Ong Yih_Archive.xpr/Recreated/Recreated.runs/synth_1/runme.log
[Sat Apr  3 00:50:25 2021] Launched impl_1...
Run output will be captured here: C:/Users/ong1m/Downloads/Telegram Desktop/S2_25_Chew Yi Jie_Marcus Ong Yih_Archive.xpr/Recreated/Recreated.runs/impl_1/runme.log
set_property PROBES.FILE {} [get_hw_devices xc7a35t_0]
set_property FULL_PROBES.FILE {} [get_hw_devices xc7a35t_0]
set_property PROGRAM.FILE {C:/Users/ong1m/Downloads/Telegram Desktop/S2_25_Chew Yi Jie_Marcus Ong Yih_Archive.xpr/Recreated/Recreated.runs/impl_1/Top_Student.bit} [get_hw_devices xc7a35t_0]
program_hw_devices [get_hw_devices xc7a35t_0]
INFO: [Labtools 27-3164] End of startup status: HIGH
refresh_hw_device [lindex [get_hw_devices xc7a35t_0] 0]
INFO: [Labtools 27-1434] Device xc7a35t (JTAG device index = 0) is programmed with a design that has no supported debug core(s) in it.
WARNING: [Labtools 27-3361] The debug hub core was not detected.
Resolution: 
1. Make sure the clock connected to the debug hub (dbg_hub) core is a free running clock and is active.
2. Make sure the BSCAN_SWITCH_USER_MASK device property in Vivado Hardware Manager reflects the user scan chain setting in the design and refresh the device.  To determine the user scan chain setting in the design, open the implemented design and use 'get_property C_USER_SCAN_CHAIN [get_debug_cores dbg_hub]'.
For more details on setting the scan chain property, consult the Vivado Debug and Programming User Guide (UG908).
reset_run synth_1
launch_runs impl_1 -to_step write_bitstream -jobs 12
[Sat Apr  3 01:07:54 2021] Launched synth_1...
Run output will be captured here: C:/Users/ong1m/Downloads/Telegram Desktop/S2_25_Chew Yi Jie_Marcus Ong Yih_Archive.xpr/Recreated/Recreated.runs/synth_1/runme.log
[Sat Apr  3 01:07:54 2021] Launched impl_1...
Run output will be captured here: C:/Users/ong1m/Downloads/Telegram Desktop/S2_25_Chew Yi Jie_Marcus Ong Yih_Archive.xpr/Recreated/Recreated.runs/impl_1/runme.log
set_property PROBES.FILE {} [get_hw_devices xc7a35t_0]
set_property FULL_PROBES.FILE {} [get_hw_devices xc7a35t_0]
set_property PROGRAM.FILE {C:/Users/ong1m/Downloads/Telegram Desktop/S2_25_Chew Yi Jie_Marcus Ong Yih_Archive.xpr/Recreated/Recreated.runs/impl_1/Top_Student.bit} [get_hw_devices xc7a35t_0]
program_hw_devices [get_hw_devices xc7a35t_0]
INFO: [Labtools 27-3164] End of startup status: HIGH
refresh_hw_device [lindex [get_hw_devices xc7a35t_0] 0]
INFO: [Labtools 27-1434] Device xc7a35t (JTAG device index = 0) is programmed with a design that has no supported debug core(s) in it.
WARNING: [Labtools 27-3361] The debug hub core was not detected.
Resolution: 
1. Make sure the clock connected to the debug hub (dbg_hub) core is a free running clock and is active.
2. Make sure the BSCAN_SWITCH_USER_MASK device property in Vivado Hardware Manager reflects the user scan chain setting in the design and refresh the device.  To determine the user scan chain setting in the design, open the implemented design and use 'get_property C_USER_SCAN_CHAIN [get_debug_cores dbg_hub]'.
For more details on setting the scan chain property, consult the Vivado Debug and Programming User Guide (UG908).
archive_project {C:/Marcus/S2_25_Chew Yi Jie_Marcus Ong Yih_Archive.xpr.zip} -temp_dir {C:/Users/ong1m/Downloads/Telegram Desktop/S2_25_Chew Yi Jie_Marcus Ong Yih_Archive.xpr/Recreated/.Xil/Vivado-15580-Bory} -force -include_local_ip_cache -include_config_settings
INFO: [Coretcl 2-137] starting archive...
INFO: [Coretcl 2-1499] Saving project copy to temporary location 'C:/Users/ong1m/Downloads/Telegram Desktop/S2_25_Chew Yi Jie_Marcus Ong Yih_Archive.xpr/Recreated/.Xil/Vivado-15580-Bory' for archiving project
INFO: [ProjectBase 1-489] The host OS only allows 260 characters in a normal path. The project is stored in a path with more than 80 characters. If you experience issues with IP, Block Designs, or files not being found, please consider moving the project to a location with a shorter path. Alternately consider using the OS subst command to map part of the path to a drive letter.
Current project path is 'C:/Users/ong1m/Downloads/Telegram Desktop/S2_25_Chew Yi Jie_Marcus Ong Yih_Archive.xpr/Recreated'
Scanning sources...
Finished scanning sources
INFO: [Coretcl 2-1211] Creating project copy for archival...
INFO: [ProjectBase 1-495] The host OS only allows 260 characters in a normal path. The project is stored in a path with more than 80 characters. If you experience any problem with archiving the project, please consider setting environment variable $TEMP to a shorter path.
Current project path is 'C:/Users/ong1m/Downloads/Telegram Desktop/S2_25_Chew Yi Jie_Marcus Ong Yih_Archive.xpr/Recreated/.Xil/Vivado-15580-Bory/PrjAr/_X_'.
ERROR: [Coretcl 2-229] (archive_project): Project save_as failed due to the previous error(s).
archive_project {C:/Marcus/S2_25_Chew Yi Jie_Marcus Ong Yih_Archive.xpr.zip} -temp_dir {C:/Users/ong1m/Downloads/Telegram Desktop/S2_25_Chew Yi Jie_Marcus Ong Yih_Archive.xpr/Recreated/.Xil/Vivado-15580-Bory} -force -include_local_ip_cache -include_config_settings
INFO: [Coretcl 2-137] starting archive...
INFO: [Coretcl 2-1499] Saving project copy to temporary location 'C:/Users/ong1m/Downloads/Telegram Desktop/S2_25_Chew Yi Jie_Marcus Ong Yih_Archive.xpr/Recreated/.Xil/Vivado-15580-Bory' for archiving project
INFO: [ProjectBase 1-489] The host OS only allows 260 characters in a normal path. The project is stored in a path with more than 80 characters. If you experience issues with IP, Block Designs, or files not being found, please consider moving the project to a location with a shorter path. Alternately consider using the OS subst command to map part of the path to a drive letter.
Current project path is 'C:/Users/ong1m/Downloads/Telegram Desktop/S2_25_Chew Yi Jie_Marcus Ong Yih_Archive.xpr/Recreated'
Scanning sources...
Finished scanning sources
INFO: [Coretcl 2-1211] Creating project copy for archival...
INFO: [ProjectBase 1-495] The host OS only allows 260 characters in a normal path. The project is stored in a path with more than 80 characters. If you experience any problem with archiving the project, please consider setting environment variable $TEMP to a shorter path.
Current project path is 'C:/Users/ong1m/Downloads/Telegram Desktop/S2_25_Chew Yi Jie_Marcus Ong Yih_Archive.xpr/Recreated/.Xil/Vivado-15580-Bory/PrjAr/_X_'.
INFO: [Coretcl 2-1213] Including run results for 'synth_1'
INFO: [Coretcl 2-1213] Including run results for 'impl_1'
INFO: [Coretcl 2-1212] Importing remotely added design sources and verilog include files (if any)...
INFO: [filemgmt 20-334] All file(s) are already imported in fileset: 'constrs_1'
INFO: [filemgmt 20-348] Importing the appropriate files for fileset: 'constrs_1'
INFO: [filemgmt 20-348] Importing the appropriate files for fileset: 'sources_1'
