Copyright 1986-2018 Xilinx, Inc. All Rights Reserved.
-------------------------------------------------------------------------------------------------------------------------------------------------------
| Tool Version     : Vivado v.2018.2 (win64) Build 2258646 Thu Jun 14 20:03:12 MDT 2018
| Date             : Sat Apr  3 01:18:31 2021
| Host             : Bory running 64-bit major release  (build 9200)
| Command          : report_power -file Top_Student_power_routed.rpt -pb Top_Student_power_summary_routed.pb -rpx Top_Student_power_routed.rpx
| Design           : Top_Student
| Device           : xc7a35tcpg236-1
| Design State     : routed
| Grade            : commercial
| Process          : typical
| Characterization : Production
-------------------------------------------------------------------------------------------------------------------------------------------------------

Power Report

Table of Contents
-----------------
1. Summary
1.1 On-Chip Components
1.2 Power Supply Summary
1.3 Confidence Level
2. Settings
2.1 Environment
2.2 Clock Constraints
3. Detailed Reports
3.1 By Hierarchy

1. Summary
----------

+--------------------------+--------------+
| Total On-Chip Power (W)  | 0.090        |
| Design Power Budget (W)  | Unspecified* |
| Power Budget Margin (W)  | NA           |
| Dynamic (W)              | 0.019        |
| Device Static (W)        | 0.072        |
| Effective TJA (C/W)      | 5.0          |
| Max Ambient (C)          | 84.5         |
| Junction Temperature (C) | 25.5         |
| Confidence Level         | Low          |
| Setting File             | ---          |
| Simulation Activity File | ---          |
| Design Nets Matched      | NA           |
+--------------------------+--------------+
* Specify Design Power Budget using, set_operating_conditions -design_power_budget <value in Watts>


1.1 On-Chip Components
----------------------

+----------------+-----------+----------+-----------+-----------------+
| On-Chip        | Power (W) | Used     | Available | Utilization (%) |
+----------------+-----------+----------+-----------+-----------------+
| Clocks         |     0.003 |        3 |       --- |             --- |
| Slice Logic    |     0.003 |    32307 |       --- |             --- |
|   LUT as Logic |     0.003 |    20527 |     20800 |           98.69 |
|   CARRY4       |    <0.001 |      749 |      8150 |            9.19 |
|   Register     |    <0.001 |     1740 |     41600 |            4.18 |
|   F7/F8 Muxes  |    <0.001 |     6950 |     32600 |           21.32 |
|   Others       |     0.000 |       83 |       --- |             --- |
|   BUFG         |     0.000 |        4 |        32 |           12.50 |
| Signals        |     0.003 |    14049 |       --- |             --- |
| I/O            |     0.009 |       53 |       106 |           50.00 |
| Static Power   |     0.072 |          |           |                 |
| Total          |     0.090 |          |           |                 |
+----------------+-----------+----------+-----------+-----------------+


1.2 Power Supply Summary
------------------------

+-----------+-------------+-----------+-------------+------------+
| Source    | Voltage (V) | Total (A) | Dynamic (A) | Static (A) |
+-----------+-------------+-----------+-------------+------------+
| Vccint    |       1.000 |     0.019 |       0.009 |      0.010 |
| Vccaux    |       1.800 |     0.013 |       0.000 |      0.013 |
| Vcco33    |       3.300 |     0.004 |       0.003 |      0.001 |
| Vcco25    |       2.500 |     0.000 |       0.000 |      0.000 |
| Vcco18    |       1.800 |     0.000 |       0.000 |      0.000 |
| Vcco15    |       1.500 |     0.000 |       0.000 |      0.000 |
| Vcco135   |       1.350 |     0.000 |       0.000 |      0.000 |
| Vcco12    |       1.200 |     0.000 |       0.000 |      0.000 |
| Vccaux_io |       1.800 |     0.000 |       0.000 |      0.000 |
| Vccbram   |       1.000 |     0.000 |       0.000 |      0.000 |
| MGTAVcc   |       1.000 |     0.000 |       0.000 |      0.000 |
| MGTAVtt   |       1.200 |     0.000 |       0.000 |      0.000 |
| Vccadc    |       1.800 |     0.020 |       0.000 |      0.020 |
+-----------+-------------+-----------+-------------+------------+


1.3 Confidence Level
--------------------

+-----------------------------+------------+--------------------------------------------------------+--------------------------------------------------------------------------------------------------------------------+
| User Input Data             | Confidence | Details                                                | Action                                                                                                             |
+-----------------------------+------------+--------------------------------------------------------+--------------------------------------------------------------------------------------------------------------------+
| Design implementation state | High       | Design is routed                                       |                                                                                                                    |
| Clock nodes activity        | Low        | User specified less than 75% of clocks                 | Provide missing clock activity with a constraint file, simulation results or by editing the "By Clock Domain" view |
| I/O nodes activity          | Low        | More than 75% of inputs are missing user specification | Provide missing input activity with simulation results or by editing the "By Resource Type -> I/Os" view           |
| Internal nodes activity     | Medium     | User specified less than 25% of internal nodes         | Provide missing internal nodes activity with simulation results or by editing the "By Resource Type" views         |
| Device models               | High       | Device models are Production                           |                                                                                                                    |
|                             |            |                                                        |                                                                                                                    |
| Overall confidence level    | Low        |                                                        |                                                                                                                    |
+-----------------------------+------------+--------------------------------------------------------+--------------------------------------------------------------------------------------------------------------------+


2. Settings
-----------

2.1 Environment
---------------

+-----------------------+--------------------------+
| Ambient Temp (C)      | 25.0                     |
| ThetaJA (C/W)         | 5.0                      |
| Airflow (LFM)         | 250                      |
| Heat Sink             | medium (Medium Profile)  |
| ThetaSA (C/W)         | 4.6                      |
| Board Selection       | medium (10"x10")         |
| # of Board Layers     | 12to15 (12 to 15 Layers) |
| Board Temperature (C) | 25.0                     |
+-----------------------+--------------------------+


2.2 Clock Constraints
---------------------

+-------------+--------+-----------------+
| Clock       | Domain | Constraint (ns) |
+-------------+--------+-----------------+
| sys_clk_pin | clock  |            10.0 |
+-------------+--------+-----------------+


3. Detailed Reports
-------------------

3.1 By Hierarchy
----------------

+-------------------+-----------+
| Name              | Power (W) |
+-------------------+-----------+
| Top_Student       |     0.019 |
|   AC              |    <0.001 |
|   AUDVIS          |    <0.001 |
|     OB            |    <0.001 |
|     VBO           |    <0.001 |
|       DB_D        |     0.000 |
|         DFF2      |     0.000 |
|       DB_R        |     0.000 |
|         DFF2      |     0.000 |
|   COORDS          |    <0.001 |
|   MENU            |    <0.001 |
|     DB_D          |    <0.001 |
|       DFF1        |     0.000 |
|     DB_L          |     0.000 |
|       DFF2        |     0.000 |
|     DB_R          |    <0.001 |
|       DFF1        |     0.000 |
|     DB_U          |    <0.001 |
|       DFF1        |     0.000 |
|     MO            |    <0.001 |
|   OLED            |     0.001 |
|   OLEDMAINDRIVER  |    <0.001 |
|   PONG            |    <0.001 |
|   SBR             |    <0.001 |
|     DB_C          |     0.000 |
|       DFF2        |     0.000 |
|     DB_U          |     0.000 |
|       DFF2        |     0.000 |
|     rng6x         |    <0.001 |
|   SEGDRIV         |    <0.001 |
|   TD              |    <0.001 |
|     DB_L          |    <0.001 |
|       DFF1        |     0.000 |
|     rng_6x_enemy  |    <0.001 |
|     rng_6x_enemy2 |     0.000 |
|     rng_6x_enemy3 |    <0.001 |
|   clk10hz         |    <0.001 |
|   clk20khz        |    <0.001 |
|   clk24hz         |    <0.001 |
|   clk381hz        |    <0.001 |
|   clk3hz          |    <0.001 |
|   clk6p25mhz      |    <0.001 |
|   nolabel_line100 |     0.002 |
|     DB_C          |     0.001 |
|       DFF1        |     0.000 |
|     rng5x         |    <0.001 |
|   nolabel_line65  |    <0.001 |
+-------------------+-----------+


